kotlin version: 2.0.21
error message: org.jetbrains.kotlin.backend.common.BackendException: Backend Internal error: Exception during IR lowering
File being compiled: C:/AndroidProjects/TaskManagment/app/src/main/java/com/example/taskmanagment/TestFragment.kt
The root cause java.lang.RuntimeException was thrown at: org.jetbrains.kotlin.backend.jvm.codegen.FunctionCodegen.generate(FunctionCodegen.kt:47)
	at org.jetbrains.kotlin.backend.common.CodegenUtil.reportBackendException(CodegenUtil.kt:253)
	at org.jetbrains.kotlin.backend.common.CodegenUtil.reportBackendException$default(CodegenUtil.kt:236)
	at org.jetbrains.kotlin.backend.common.phaser.PerformByIrFilePhase.invokeSequential(performByIrFile.kt:65)
	at org.jetbrains.kotlin.backend.common.phaser.PerformByIrFilePhase.invoke(performByIrFile.kt:52)
	at org.jetbrains.kotlin.backend.common.phaser.PerformByIrFilePhase.invoke(performByIrFile.kt:38)
	at org.jetbrains.kotlin.backend.common.phaser.NamedCompilerPhase.phaseBody(CompilerPhase.kt:166)
	at org.jetbrains.kotlin.backend.common.phaser.AbstractNamedCompilerPhase.invoke(CompilerPhase.kt:113)
	at org.jetbrains.kotlin.backend.common.phaser.CompositePhase.invoke(PhaseBuilders.kt:27)
	at org.jetbrains.kotlin.backend.common.phaser.CompositePhase.invoke(PhaseBuilders.kt:14)
	at org.jetbrains.kotlin.backend.common.phaser.NamedCompilerPhase.phaseBody(CompilerPhase.kt:166)
	at org.jetbrains.kotlin.backend.common.phaser.AbstractNamedCompilerPhase.invoke(CompilerPhase.kt:113)
	at org.jetbrains.kotlin.backend.common.phaser.CompilerPhaseKt.invokeToplevel(CompilerPhase.kt:62)
	at org.jetbrains.kotlin.backend.jvm.JvmIrCodegenFactory.invokeCodegen(JvmIrCodegenFactory.kt:371)
	at org.jetbrains.kotlin.codegen.CodegenFactory.generateModule(CodegenFactory.kt:47)
	at org.jetbrains.kotlin.backend.jvm.JvmIrCodegenFactory.generateModuleInFrontendIRMode(JvmIrCodegenFactory.kt:433)
	at org.jetbrains.kotlin.cli.jvm.compiler.pipeline.JvmCompilerPipelineKt.generateCodeFromIr(jvmCompilerPipeline.kt:246)
	at org.jetbrains.kotlin.cli.jvm.compiler.pipeline.JvmCompilerPipelineKt.compileModulesUsingFrontendIrAndLightTree(jvmCompilerPipeline.kt:142)
	at org.jetbrains.kotlin.cli.jvm.K2JVMCompiler.doExecute(K2JVMCompiler.kt:148)
	at org.jetbrains.kotlin.cli.jvm.K2JVMCompiler.doExecute(K2JVMCompiler.kt:43)
	at org.jetbrains.kotlin.cli.common.CLICompiler.execImpl(CLICompiler.kt:103)
	at org.jetbrains.kotlin.cli.common.CLICompiler.execImpl(CLICompiler.kt:49)
	at org.jetbrains.kotlin.cli.common.CLITool.exec(CLITool.kt:101)
	at org.jetbrains.kotlin.incremental.IncrementalJvmCompilerRunner.runCompiler(IncrementalJvmCompilerRunner.kt:464)
	at org.jetbrains.kotlin.incremental.IncrementalJvmCompilerRunner.runCompiler(IncrementalJvmCompilerRunner.kt:73)
	at org.jetbrains.kotlin.incremental.IncrementalCompilerRunner.doCompile(IncrementalCompilerRunner.kt:506)
	at org.jetbrains.kotlin.incremental.IncrementalCompilerRunner.compileImpl(IncrementalCompilerRunner.kt:423)
	at org.jetbrains.kotlin.incremental.IncrementalCompilerRunner.tryCompileIncrementally$lambda$9$compile(IncrementalCompilerRunner.kt:249)
	at org.jetbrains.kotlin.incremental.IncrementalCompilerRunner.tryCompileIncrementally(IncrementalCompilerRunner.kt:267)
	at org.jetbrains.kotlin.incremental.IncrementalCompilerRunner.compile(IncrementalCompilerRunner.kt:120)
	at org.jetbrains.kotlin.daemon.CompileServiceImplBase.execIncrementalCompiler(CompileServiceImpl.kt:675)
	at org.jetbrains.kotlin.daemon.CompileServiceImplBase.access$execIncrementalCompiler(CompileServiceImpl.kt:92)
	at org.jetbrains.kotlin.daemon.CompileServiceImpl.compile(CompileServiceImpl.kt:1660)
	at java.base/jdk.internal.reflect.DirectMethodHandleAccessor.invoke(Unknown Source)
	at java.base/java.lang.reflect.Method.invoke(Unknown Source)
	at java.rmi/sun.rmi.server.UnicastServerRef.dispatch(Unknown Source)
	at java.rmi/sun.rmi.transport.Transport$1.run(Unknown Source)
	at java.rmi/sun.rmi.transport.Transport$1.run(Unknown Source)
	at java.base/java.security.AccessController.doPrivileged(Unknown Source)
	at java.rmi/sun.rmi.transport.Transport.serviceCall(Unknown Source)
	at java.rmi/sun.rmi.transport.tcp.TCPTransport.handleMessages(Unknown Source)
	at java.rmi/sun.rmi.transport.tcp.TCPTransport$ConnectionHandler.run0(Unknown Source)
	at java.rmi/sun.rmi.transport.tcp.TCPTransport$ConnectionHandler.lambda$run$0(Unknown Source)
	at java.base/java.security.AccessController.doPrivileged(Unknown Source)
	at java.rmi/sun.rmi.transport.tcp.TCPTransport$ConnectionHandler.run(Unknown Source)
	at java.base/java.util.concurrent.ThreadPoolExecutor.runWorker(Unknown Source)
	at java.base/java.util.concurrent.ThreadPoolExecutor$Worker.run(Unknown Source)
	at java.base/java.lang.Thread.run(Unknown Source)
Caused by: java.lang.RuntimeException: Exception while generating code for:
FUN name:onCreate visibility:public modality:OPEN <> ($this:com.example.taskmanagment.TestFragment, savedInstanceState:android.os.Bundle?) returnType:kotlin.Unit
  overridden:
    public open fun onCreate (p0: @[EnhancedNullability] android.os.Bundle?): kotlin.Unit declared in androidx.fragment.app.Fragment
  $this: VALUE_PARAMETER name:<this> type:com.example.taskmanagment.TestFragment
  VALUE_PARAMETER name:savedInstanceState index:0 type:android.os.Bundle?
  BLOCK_BODY
    VAR name:liveDataViewModel type:com.example.taskmanagment.viewmodels.LiveDataViewModel [val]
      TYPE_OP type=com.example.taskmanagment.viewmodels.LiveDataViewModel origin=IMPLICIT_CAST typeOperand=com.example.taskmanagment.viewmodels.LiveDataViewModel
        CALL 'public final fun viewModel$default <VM> (viewModelStoreOwner: androidx.lifecycle.ViewModelStoreOwner?, key: kotlin.String?, factory: androidx.lifecycle.ViewModelProvider.Factory?, extras: androidx.lifecycle.viewmodel.CreationExtras?, $mask0: kotlin.Int, $handler: kotlin.Any?): VM of androidx.lifecycle.viewmodel.compose.ViewModelKt.viewModel$default [inline] declared in androidx.lifecycle.viewmodel.compose.ViewModelKt' type=VM of androidx.lifecycle.viewmodel.compose.ViewModelKt.viewModel$default origin=DEFAULT_DISPATCH_CALL
          <VM>: com.example.taskmanagment.viewmodels.LiveDataViewModel
          viewModelStoreOwner: COMPOSITE type=androidx.lifecycle.ViewModelStoreOwner? origin=DEFAULT_VALUE
            CONST Null type=androidx.lifecycle.ViewModelStoreOwner? value=null
          key: COMPOSITE type=kotlin.String? origin=DEFAULT_VALUE
            CONST Null type=kotlin.String? value=null
          factory: COMPOSITE type=androidx.lifecycle.ViewModelProvider.Factory? origin=DEFAULT_VALUE
            CONST Null type=androidx.lifecycle.ViewModelProvider.Factory? value=null
          extras: COMPOSITE type=androidx.lifecycle.viewmodel.CreationExtras? origin=DEFAULT_VALUE
            CONST Null type=androidx.lifecycle.viewmodel.CreationExtras? value=null
          $mask0: CONST Int type=kotlin.Int value=15
          $handler: CONST Null type=kotlin.Any? value=null
    VAR name:flowViewModel type:com.example.taskmanagment.viewmodels.FlowViewModel [val]
      TYPE_OP type=com.example.taskmanagment.viewmodels.FlowViewModel origin=IMPLICIT_CAST typeOperand=com.example.taskmanagment.viewmodels.FlowViewModel
        CALL 'public final fun viewModel$default <VM> (viewModelStoreOwner: androidx.lifecycle.ViewModelStoreOwner?, key: kotlin.String?, factory: androidx.lifecycle.ViewModelProvider.Factory?, extras: androidx.lifecycle.viewmodel.CreationExtras?, $mask0: kotlin.Int, $handler: kotlin.Any?): VM of androidx.lifecycle.viewmodel.compose.ViewModelKt.viewModel$default [inline] declared in androidx.lifecycle.viewmodel.compose.ViewModelKt' type=VM of androidx.lifecycle.viewmodel.compose.ViewModelKt.viewModel$default origin=DEFAULT_DISPATCH_CALL
          <VM>: com.example.taskmanagment.viewmodels.FlowViewModel
          viewModelStoreOwner: COMPOSITE type=androidx.lifecycle.ViewModelStoreOwner? origin=DEFAULT_VALUE
            CONST Null type=androidx.lifecycle.ViewModelStoreOwner? value=null
          key: COMPOSITE type=kotlin.String? origin=DEFAULT_VALUE
            CONST Null type=kotlin.String? value=null
          factory: COMPOSITE type=androidx.lifecycle.ViewModelProvider.Factory? origin=DEFAULT_VALUE
            CONST Null type=androidx.lifecycle.ViewModelProvider.Factory? value=null
          extras: COMPOSITE type=androidx.lifecycle.viewmodel.CreationExtras? origin=DEFAULT_VALUE
            CONST Null type=androidx.lifecycle.viewmodel.CreationExtras? value=null
          $mask0: CONST Int type=kotlin.Int value=15
          $handler: CONST Null type=kotlin.Any? value=null
    CALL 'public open fun onCreate (p0: @[EnhancedNullability] android.os.Bundle?): kotlin.Unit declared in androidx.fragment.app.Fragment' superQualifier='CLASS IR_EXTERNAL_JAVA_DECLARATION_STUB CLASS name:Fragment modality:OPEN visibility:public superTypes:[kotlin.Any; android.content.ComponentCallbacks; android.view.View.OnCreateContextMenuListener; androidx.lifecycle.LifecycleOwner; androidx.lifecycle.ViewModelStoreOwner; androidx.lifecycle.HasDefaultViewModelProviderFactory; androidx.savedstate.SavedStateRegistryOwner; androidx.activity.result.ActivityResultCaller]' type=kotlin.Unit origin=null
      $this: GET_VAR '<this>: com.example.taskmanagment.TestFragment declared in com.example.taskmanagment.TestFragment.onCreate' type=com.example.taskmanagment.TestFragment origin=null
      p0: GET_VAR 'savedInstanceState: android.os.Bundle? declared in com.example.taskmanagment.TestFragment.onCreate' type=android.os.Bundle? origin=null
    CALL 'public final fun getTasks (context: android.content.Context?): kotlin.Unit declared in com.example.taskmanagment.viewmodels.LiveDataViewModel' type=kotlin.Unit origin=null
      $this: GET_VAR 'val liveDataViewModel: com.example.taskmanagment.viewmodels.LiveDataViewModel [val] declared in com.example.taskmanagment.TestFragment.onCreate' type=com.example.taskmanagment.viewmodels.LiveDataViewModel origin=null
      context: CALL 'public open fun getContext (): @[EnhancedNullability] android.content.Context? [fake_override] declared in com.example.taskmanagment.TestFragment' type=@[EnhancedNullability] android.content.Context? origin=GET_PROPERTY
        $this: GET_VAR '<this>: com.example.taskmanagment.TestFragment declared in com.example.taskmanagment.TestFragment.onCreate' type=com.example.taskmanagment.TestFragment origin=null
    CALL 'public open fun observe (p0: @[NonNull] @[FlexibleNullability] androidx.lifecycle.LifecycleOwner?, p1: @[NonNull] @[FlexibleNullability] androidx.lifecycle.Observer<in @[FlexibleNullability] T of androidx.lifecycle.MutableLiveData?>?): kotlin.Unit [fake_override] declared in androidx.lifecycle.MutableLiveData' type=kotlin.Unit origin=null
      $this: CALL 'public final fun <get-tasks> (): androidx.lifecycle.MutableLiveData<kotlin.collections.List<com.example.taskmanagment.entities.Task>> declared in com.example.taskmanagment.viewmodels.LiveDataViewModel' type=androidx.lifecycle.MutableLiveData<kotlin.collections.List<com.example.taskmanagment.entities.Task>> origin=GET_PROPERTY
        $this: GET_VAR 'val liveDataViewModel: com.example.taskmanagment.viewmodels.LiveDataViewModel [val] declared in com.example.taskmanagment.TestFragment.onCreate' type=com.example.taskmanagment.viewmodels.LiveDataViewModel origin=null
      p0: GET_VAR '<this>: com.example.taskmanagment.TestFragment declared in com.example.taskmanagment.TestFragment.onCreate' type=com.example.taskmanagment.TestFragment origin=null
      p1: BLOCK type=@[RawType] androidx.lifecycle.Observer<T of androidx.lifecycle.Observer> origin=null
        VAR IR_TEMPORARY_VARIABLE name:tmp type:kotlin.Function1<kotlin.Any?, kotlin.Unit> [val]
          TYPE_OP type=kotlin.Function1<kotlin.Any?, kotlin.Unit> origin=IMPLICIT_CAST typeOperand=kotlin.Function1<kotlin.Any?, kotlin.Unit>
            BLOCK type=kotlin.Function1<@[FlexibleNullability] kotlin.collections.List<com.example.taskmanagment.entities.Task>?, kotlin.Unit> origin=LAMBDA
              COMPOSITE type=kotlin.Unit origin=null
              CALL 'public final fun <jvm-indy> <T> (dynamicCall: T of kotlin.jvm.internal.<jvm-indy>, bootstrapMethodHandle: kotlin.Any, vararg bootstrapMethodArguments: kotlin.Any): T of kotlin.jvm.internal.<jvm-indy> declared in kotlin.jvm.internal' type=kotlin.Function1<@[FlexibleNullability] kotlin.collections.List<com.example.taskmanagment.entities.Task>?, kotlin.Unit> origin=null
                <T>: kotlin.Function1<@[FlexibleNullability] kotlin.collections.List<com.example.taskmanagment.entities.Task>?, kotlin.Unit>
                dynamicCall: CALL 'public final fun invoke (): kotlin.Function1<@[FlexibleNullability] kotlin.collections.List<com.example.taskmanagment.entities.Task>?, kotlin.Unit> declared in kotlin.jvm.internal.invokeDynamic' type=kotlin.Function1<@[FlexibleNullability] kotlin.collections.List<com.example.taskmanagment.entities.Task>?, kotlin.Unit> origin=null
                bootstrapMethodHandle: CALL 'public final fun <jvm-method-handle> (tag: kotlin.Int, owner: kotlin.String, name: kotlin.String, descriptor: kotlin.String, isInterface: kotlin.Boolean): kotlin.Any declared in kotlin.jvm.internal' type=kotlin.Any origin=null
                  tag: CONST Int type=kotlin.Int value=6
                  owner: CONST String type=kotlin.String value="java/lang/invoke/LambdaMetafactory"
                  name: CONST String type=kotlin.String value="metafactory"
                  descriptor: CONST String type=kotlin.String value="(Ljava/lang/invoke/MethodHandles$Lookup;Ljava/lang/String;Ljava/lang/invoke/MethodType;Ljava/lang/invoke/MethodType;Ljava/lang/invoke/MethodHandle;Ljava/lang/invoke/MethodType;)Ljava/lang/invoke/CallSite;"
                  isInterface: CONST Boolean type=kotlin.Boolean value=false
                bootstrapMethodArguments: VARARG type=kotlin.Array<kotlin.Any> varargElementType=kotlin.Any
                  CALL 'public final fun <jvm-original-method-type> (method: kotlin.Any): kotlin.Any declared in kotlin.jvm.internal' type=kotlin.Any origin=null
                    method: RAW_FUNCTION_REFERENCE 'public abstract fun invoke (p1: P1 of kotlin.Function1): R of kotlin.Function1 [operator] declared in kotlin.Function1' type=kotlin.Any
                  RAW_FUNCTION_REFERENCE 'private final fun onCreate$lambda$0 (tasks: @[FlexibleNullability] kotlin.collections.List<com.example.taskmanagment.entities.Task>?): kotlin.Unit? declared in com.example.taskmanagment.TestFragment' type=kotlin.Any
                  CALL 'public final fun <jvm-original-method-type> (method: kotlin.Any): kotlin.Any declared in kotlin.jvm.internal' type=kotlin.Any origin=null
                    method: RAW_FUNCTION_REFERENCE 'public abstract fun invoke (p1: @[FlexibleNullability] kotlin.collections.List<com.example.taskmanagment.entities.Task>?): kotlin.Unit? [fake_override,operator] declared in kotlin.jvm.internal.invokeDynamic.<fake>' type=kotlin.Any
        CONSTRUCTOR_CALL 'public/*package*/ constructor <init> (function: @[RawType] kotlin.Function1<P1 of kotlin.Function1, R of kotlin.Function1>) [primary] declared in com.example.taskmanagment.TestFragment.sam$androidx_lifecycle_Observer$0' type=com.example.taskmanagment.TestFragment.sam$androidx_lifecycle_Observer$0 origin=null
          function: GET_VAR 'val tmp: kotlin.Function1<kotlin.Any?, kotlin.Unit> [val] declared in com.example.taskmanagment.TestFragment.onCreate' type=kotlin.Function1<kotlin.Any?, kotlin.Unit> origin=null
    CALL 'public final fun getTasksWithProjects (context: android.content.Context?): kotlin.Unit declared in com.example.taskmanagment.viewmodels.FlowViewModel' type=kotlin.Unit origin=null
      $this: GET_VAR 'val flowViewModel: com.example.taskmanagment.viewmodels.FlowViewModel [val] declared in com.example.taskmanagment.TestFragment.onCreate' type=com.example.taskmanagment.viewmodels.FlowViewModel origin=null
      context: CALL 'public open fun getContext (): @[EnhancedNullability] android.content.Context? [fake_override] declared in com.example.taskmanagment.TestFragment' type=@[EnhancedNullability] android.content.Context? origin=GET_PROPERTY
        $this: GET_VAR '<this>: com.example.taskmanagment.TestFragment declared in com.example.taskmanagment.TestFragment.onCreate' type=com.example.taskmanagment.TestFragment origin=null
    COMPOSITE type=kotlin.Unit origin=null
      CALL 'public final fun launch$default (context: kotlin.coroutines.CoroutineContext?, start: kotlinx.coroutines.CoroutineStart?, block: @[ExtensionFunctionType] kotlin.coroutines.SuspendFunction1<kotlinx.coroutines.CoroutineScope, kotlin.Unit>, $mask0: kotlin.Int, $handler: kotlin.Any?): kotlinx.coroutines.Job declared in kotlinx.coroutines.BuildersKt' type=kotlinx.coroutines.Job origin=DEFAULT_DISPATCH_CALL
        $receiver: CALL 'public final fun <get-lifecycleScope> (): androidx.lifecycle.LifecycleCoroutineScope declared in androidx.lifecycle.LifecycleOwnerKt' type=androidx.lifecycle.LifecycleCoroutineScope origin=GET_PROPERTY
          $receiver: GET_VAR '<this>: com.example.taskmanagment.TestFragment declared in com.example.taskmanagment.TestFragment.onCreate' type=com.example.taskmanagment.TestFragment origin=null
        context: COMPOSITE type=kotlin.coroutines.CoroutineContext? origin=DEFAULT_VALUE
          CONST Null type=kotlin.coroutines.CoroutineContext? value=null
        start: COMPOSITE type=kotlinx.coroutines.CoroutineStart? origin=DEFAULT_VALUE
          CONST Null type=kotlinx.coroutines.CoroutineStart? value=null
        block: BLOCK type=com.example.taskmanagment.TestFragment.onCreate.<no name provided> origin=null
          CLASS SUSPEND_LAMBDA CLASS name:<no name provided> modality:FINAL visibility:public/*package*/ superTypes:[kotlin.coroutines.jvm.internal.SuspendLambda; kotlin.jvm.functions.Function2<kotlinx.coroutines.CoroutineScope, kotlin.coroutines.Continuation<kotlin.Unit>?, kotlin.Any?>]
            $this: VALUE_PARAMETER INSTANCE_RECEIVER name:<this> type:com.example.taskmanagment.TestFragment.onCreate.<no name provided>
            FIELD name:label type:kotlin.Int visibility:public/*package*/
            CONSTRUCTOR SUSPEND_LAMBDA visibility:public/*package*/ <> ($flowViewModel:com.example.taskmanagment.viewmodels.FlowViewModel, $completion:kotlin.coroutines.Continuation<com.example.taskmanagment.TestFragment.onCreate.<no name provided>>?) returnType:com.example.taskmanagment.TestFragment.onCreate.<no name provided> [primary]
              VALUE_PARAMETER BOUND_VALUE_PARAMETER name:$flowViewModel index:0 type:com.example.taskmanagment.viewmodels.FlowViewModel
              VALUE_PARAMETER name:$completion index:1 type:kotlin.coroutines.Continuation<com.example.taskmanagment.TestFragment.onCreate.<no name provided>>?
              BLOCK_BODY
                SET_FIELD 'FIELD FIELD_FOR_CAPTURED_VALUE name:$flowViewModel type:com.example.taskmanagment.viewmodels.FlowViewModel visibility:public/*package*/ [final] declared in com.example.taskmanagment.TestFragment.onCreate.<no name provided>' type=kotlin.Unit origin=INITIALIZER_OF_FIELD_FOR_CAPTURED_VALUE
                  receiver: GET_VAR '<this>: com.example.taskmanagment.TestFragment.onCreate.<no name provided> declared in com.example.taskmanagment.TestFragment.onCreate.<no name provided>' type=com.example.taskmanagment.TestFragment.onCreate.<no name provided> origin=null
                  value: GET_VAR '$flowViewModel: com.example.taskmanagment.viewmodels.FlowViewModel declared in com.example.taskmanagment.TestFragment.onCreate.<no name provided>.<init>' type=com.example.taskmanagment.viewmodels.FlowViewModel origin=null
                DELEGATING_CONSTRUCTOR_CALL 'public constructor <init> (arity: kotlin.Int, $completion: kotlin.coroutines.Continuation<kotlin.Any?>?) declared in kotlin.coroutines.jvm.internal.SuspendLambda'
                  arity: CONST Int type=kotlin.Int value=2
                  $completion: GET_VAR '$completion: kotlin.coroutines.Continuation<com.example.taskmanagment.TestFragment.onCreate.<no name provided>>? declared in com.example.taskmanagment.TestFragment.onCreate.<no name provided>.<init>' type=kotlin.coroutines.Continuation<com.example.taskmanagment.TestFragment.onCreate.<no name provided>>? origin=null
                BLOCK type=kotlin.Unit origin=null
            FUN name:invokeSuspend visibility:public modality:FINAL <> ($this:com.example.taskmanagment.TestFragment.onCreate.<no name provided>, $result:kotlin.Result<kotlin.Any?>) returnType:kotlin.Any?
              overridden:
                protected abstract fun invokeSuspend ($result: kotlin.Result<kotlin.Any?>): kotlin.Any? declared in kotlin.coroutines.jvm.internal.SuspendLambda
              $this: VALUE_PARAMETER INSTANCE_RECEIVER name:<this> type:com.example.taskmanagment.TestFragment.onCreate.<no name provided>
              VALUE_PARAMETER name:$result index:0 type:kotlin.Result<kotlin.Any?>
              BLOCK_BODY
                COMPOSITE type=kotlin.Unit origin=null
                  CALL 'public open fun d (p0: @[EnhancedNullability] kotlin.String?, p1: @[EnhancedNullability] kotlin.String): kotlin.Int declared in android.util.Log' type=kotlin.Int origin=null
                    p0: CONST String type=kotlin.String value="FRAGMENT"
                    p1: CONST String type=kotlin.String value="From Flow We got"
                  COMPOSITE type=kotlin.Unit origin=null
                BLOCK type=kotlin.Nothing origin=null
                  CALL 'public abstract fun collect (collector: kotlinx.coroutines.flow.FlowCollector<T of kotlinx.coroutines.flow.MutableStateFlow>, $completion: kotlin.coroutines.Continuation<kotlin.Nothing>): kotlin.Any? [suspend,fake_override] declared in kotlinx.coroutines.flow.MutableStateFlow' type=kotlin.Nothing origin=null
                    $this: CALL 'public final fun <get-tasksWithProjects> (): kotlinx.coroutines.flow.MutableStateFlow<kotlin.collections.List<com.example.taskmanagment.entities.TaskWihProjects>> declared in com.example.taskmanagment.viewmodels.FlowViewModel' type=kotlinx.coroutines.flow.MutableStateFlow<kotlin.collections.List<com.example.taskmanagment.entities.TaskWihProjects>> origin=GET_PROPERTY
                      $this: GET_FIELD 'FIELD FIELD_FOR_CAPTURED_VALUE name:$flowViewModel type:com.example.taskmanagment.viewmodels.FlowViewModel visibility:public/*package*/ [final] declared in com.example.taskmanagment.TestFragment.onCreate.<no name provided>' type=com.example.taskmanagment.viewmodels.FlowViewModel origin=null
                        receiver: GET_VAR '<this>: com.example.taskmanagment.TestFragment.onCreate.<no name provided> declared in com.example.taskmanagment.TestFragment.onCreate.<no name provided>.invokeSuspend' type=com.example.taskmanagment.TestFragment.onCreate.<no name provided> origin=null
                    collector: BLOCK type=com.example.taskmanagment.TestFragment.onCreate.<no name provided>.invokeSuspend.<no name provided><T of com.example.taskmanagment.TestFragment.onCreate.<no name provided>.invokeSuspend.<no name provided>> origin=null
                      CLASS LAMBDA_IMPL CLASS name:<no name provided> modality:FINAL visibility:public/*package*/ superTypes:[@[RawType] kotlinx.coroutines.flow.FlowCollector<T of kotlinx.coroutines.flow.FlowCollector>]
                        $this: VALUE_PARAMETER INSTANCE_RECEIVER name:<this> type:com.example.taskmanagment.TestFragment.onCreate.<no name provided>.invokeSuspend.<no name provided><T of com.example.taskmanagment.TestFragment.onCreate.<no name provided>.invokeSuspend.<no name provided>>
                        TYPE_PARAMETER name:T index:0 variance:in superTypes:[kotlin.Any?] reified:false
                        CONSTRUCTOR GENERATED_MEMBER_IN_CALLABLE_REFERENCE visibility:public/*package*/ <> () returnType:com.example.taskmanagment.TestFragment.onCreate.<no name provided>.invokeSuspend.<no name provided><T of com.example.taskmanagment.TestFragment.onCreate.<no name provided>.invokeSuspend.<no name provided>> [primary]
                          BLOCK_BODY
                            DELEGATING_CONSTRUCTOR_CALL 'public constructor <init> () [primary] declared in kotlin.Any'
                            BLOCK type=kotlin.Unit origin=null
                        FUN name:emit visibility:public modality:FINAL <> ($this:com.example.taskmanagment.TestFragment.onCreate.<no name provided>.invokeSuspend.<no name provided><T of com.example.taskmanagment.TestFragment.onCreate.<no name provided>.invokeSuspend.<no name provided>>, taskWihProjects:kotlin.collections.List<com.example.taskmanagment.entities.TaskWihProjects>, $completion:kotlin.coroutines.Continuation<kotlin.Unit>) returnType:kotlin.Any? [suspend]
                          overridden:
                            public abstract fun emit (value: T of kotlinx.coroutines.flow.FlowCollector, $completion: kotlin.coroutines.Continuation<kotlin.Unit>): kotlin.Any? [suspend] declared in kotlinx.coroutines.flow.FlowCollector
                          $this: VALUE_PARAMETER INSTANCE_RECEIVER name:<this> type:com.example.taskmanagment.TestFragment.onCreate.<no name provided>.invokeSuspend.<no name provided><T of com.example.taskmanagment.TestFragment.onCreate.<no name provided>.invokeSuspend.<no name provided>>
                          VALUE_PARAMETER name:taskWihProjects index:0 type:kotlin.collections.List<com.example.taskmanagment.entities.TaskWihProjects>
                          VALUE_PARAMETER CONTINUATION_CLASS name:$completion index:1 type:kotlin.coroutines.Continuation<kotlin.Unit>
                          BLOCK_BODY
                            CLASS CONTINUATION_CLASS CLASS name:<Continuation> modality:FINAL visibility:public/*package*/ superTypes:[kotlin.coroutines.jvm.internal.ContinuationImpl]
                              $this: VALUE_PARAMETER INSTANCE_RECEIVER name:<this> type:com.example.taskmanagment.TestFragment.onCreate.<no name provided>.invokeSuspend.<no name provided>.emit.<Continuation>
                              FIELD CONTINUATION_CLASS_RESULT_FIELD name:result type:kotlin.Result<kotlin.Any?> visibility:public/*package*/
                              FIELD FIELD_FOR_OUTER_THIS name:this$0 type:com.example.taskmanagment.TestFragment.onCreate.<no name provided>.invokeSuspend.<no name provided><T of com.example.taskmanagment.TestFragment.onCreate.<no name provided>.invokeSuspend.<no name provided>> visibility:public/*package*/ [final]
                              FIELD name:label type:kotlin.Int visibility:public/*package*/
                              CONSTRUCTOR visibility:public/*package*/ <> (this$0:com.example.taskmanagment.TestFragment.onCreate.<no name provided>.invokeSuspend.<no name provided><T of com.example.taskmanagment.TestFragment.onCreate.<no name provided>.invokeSuspend.<no name provided>>, $completion:kotlin.coroutines.Continuation<com.example.taskmanagment.TestFragment.onCreate.<no name provided>.invokeSuspend.<no name provided>.emit.<Continuation>>?) returnType:com.example.taskmanagment.TestFragment.onCreate.<no name provided>.invokeSuspend.<no name provided>.emit.<Continuation> [primary]
                                VALUE_PARAMETER name:this$0 index:0 type:com.example.taskmanagment.TestFragment.onCreate.<no name provided>.invokeSuspend.<no name provided><T of com.example.taskmanagment.TestFragment.onCreate.<no name provided>.invokeSuspend.<no name provided>>
                                VALUE_PARAMETER name:$completion index:1 type:kotlin.coroutines.Continuation<com.example.taskmanagment.TestFragment.onCreate.<no name provided>.invokeSuspend.<no name provided>.emit.<Continuation>>?
                                BLOCK_BODY
                                  SET_FIELD 'FIELD FIELD_FOR_OUTER_THIS name:this$0 type:com.example.taskmanagment.TestFragment.onCreate.<no name provided>.invokeSuspend.<no name provided><T of com.example.taskmanagment.TestFragment.onCreate.<no name provided>.invokeSuspend.<no name provided>> visibility:public/*package*/ [final] declared in com.example.taskmanagment.TestFragment.onCreate.<no name provided>.invokeSuspend.<no name provided>.emit.<Continuation>' type=kotlin.Unit origin=null
                                    receiver: GET_VAR '<this>: com.example.taskmanagment.TestFragment.onCreate.<no name provided>.invokeSuspend.<no name provided>.emit.<Continuation> declared in com.example.taskmanagment.TestFragment.onCreate.<no name provided>.invokeSuspend.<no name provided>.emit.<Continuation>' type=com.example.taskmanagment.TestFragment.onCreate.<no name provided>.invokeSuspend.<no name provided>.emit.<Continuation> origin=null
                                    value: GET_VAR 'this$0: com.example.taskmanagment.TestFragment.onCreate.<no name provided>.invokeSuspend.<no name provided><T of com.example.taskmanagment.TestFragment.onCreate.<no name provided>.invokeSuspend.<no name provided>> declared in com.example.taskmanagment.TestFragment.onCreate.<no name provided>.invokeSuspend.<no name provided>.emit.<Continuation>.<init>' type=com.example.taskmanagment.TestFragment.onCreate.<no name provided>.invokeSuspend.<no name provided><T of com.example.taskmanagment.TestFragment.onCreate.<no name provided>.invokeSuspend.<no name provided>> origin=null
                                  DELEGATING_CONSTRUCTOR_CALL 'public constructor <init> ($completion: kotlin.coroutines.Continuation<kotlin.Any?>?) declared in kotlin.coroutines.jvm.internal.ContinuationImpl'
                                    $completion: GET_VAR '$completion: kotlin.coroutines.Continuation<com.example.taskmanagment.TestFragment.onCreate.<no name provided>.invokeSuspend.<no name provided>.emit.<Continuation>>? declared in com.example.taskmanagment.TestFragment.onCreate.<no name provided>.invokeSuspend.<no name provided>.emit.<Continuation>.<init>' type=kotlin.coroutines.Continuation<com.example.taskmanagment.TestFragment.onCreate.<no name provided>.invokeSuspend.<no name provided>.emit.<Continuation>>? origin=null
                              FUN name:invokeSuspend visibility:public modality:FINAL <> ($this:com.example.taskmanagment.TestFragment.onCreate.<no name provided>.invokeSuspend.<no name provided>.emit.<Continuation>, $result:kotlin.Result<kotlin.Any?>) returnType:kotlin.Any?
                                overridden:
                                  public abstract fun invokeSuspend ($result: kotlin.Result<kotlin.Any?>): kotlin.Any? declared in kotlin.coroutines.jvm.internal.ContinuationImpl
                                $this: VALUE_PARAMETER INSTANCE_RECEIVER name:<this> type:com.example.taskmanagment.TestFragment.onCreate.<no name provided>.invokeSuspend.<no name provided>.emit.<Continuation>
                                VALUE_PARAMETER name:$result index:0 type:kotlin.Result<kotlin.Any?>
                                BLOCK_BODY
                                  SET_FIELD 'FIELD CONTINUATION_CLASS_RESULT_FIELD name:result type:kotlin.Result<kotlin.Any?> visibility:public/*package*/ declared in com.example.taskmanagment.TestFragment.onCreate.<no name provided>.invokeSuspend.<no name provided>.emit.<Continuation>' type=kotlin.Unit origin=null
                                    receiver: GET_VAR '<this>: com.example.taskmanagment.TestFragment.onCreate.<no name provided>.invokeSuspend.<no name provided>.emit.<Continuation> declared in com.example.taskmanagment.TestFragment.onCreate.<no name provided>.invokeSuspend.<no name provided>.emit.<Continuation>.invokeSuspend' type=com.example.taskmanagment.TestFragment.onCreate.<no name provided>.invokeSuspend.<no name provided>.emit.<Continuation> origin=null
                                    value: GET_VAR '$result: kotlin.Result<kotlin.Any?> declared in com.example.taskmanagment.TestFragment.onCreate.<no name provided>.invokeSuspend.<no name provided>.emit.<Continuation>.invokeSuspend' type=kotlin.Result<kotlin.Any?> origin=null
                                  SET_FIELD 'FIELD name:label type:kotlin.Int visibility:public/*package*/ declared in com.example.taskmanagment.TestFragment.onCreate.<no name provided>.invokeSuspend.<no name provided>.emit.<Continuation>' type=kotlin.Unit origin=null
                                    receiver: GET_VAR '<this>: com.example.taskmanagment.TestFragment.onCreate.<no name provided>.invokeSuspend.<no name provided>.emit.<Continuation> declared in com.example.taskmanagment.TestFragment.onCreate.<no name provided>.invokeSuspend.<no name provided>.emit.<Continuation>.invokeSuspend' type=com.example.taskmanagment.TestFragment.onCreate.<no name provided>.invokeSuspend.<no name provided>.emit.<Continuation> origin=null
                                    value: CALL 'public final fun or (other: kotlin.Int): kotlin.Int [infix] declared in kotlin.Int' type=kotlin.Int origin=null
                                      $this: GET_FIELD 'FIELD name:label type:kotlin.Int visibility:public/*package*/ declared in com.example.taskmanagment.TestFragment.onCreate.<no name provided>.invokeSuspend.<no name provided>.emit.<Continuation>' type=kotlin.Int origin=null
                                        receiver: GET_VAR '<this>: com.example.taskmanagment.TestFragment.onCreate.<no name provided>.invokeSuspend.<no name provided>.emit.<Continuation> declared in com.example.taskmanagment.TestFragment.onCreate.<no name provided>.invokeSuspend.<no name provided>.emit.<Continuation>.invokeSuspend' type=com.example.taskmanagment.TestFragment.onCreate.<no name provided>.invokeSuspend.<no name provided>.emit.<Continuation> origin=null
                                      other: CONST Int type=kotlin.Int value=-2147483648
                                  RETURN type=kotlin.Nothing from='public final fun invokeSuspend ($result: kotlin.Result<kotlin.Any?>): kotlin.Any? declared in com.example.taskmanagment.TestFragment.onCreate.<no name provided>.invokeSuspend.<no name provided>.emit.<Continuation>'
                                    CALL 'public final fun emit (taskWihProjects: kotlin.collections.List<com.example.taskmanagment.entities.TaskWihProjects>, $completion: kotlin.coroutines.Continuation<kotlin.Unit>): kotlin.Any? [suspend] declared in com.example.taskmanagment.TestFragment.onCreate.<no name provided>.invokeSuspend.<no name provided>' type=kotlin.Any? origin=null
                                      $this: GET_FIELD 'FIELD FIELD_FOR_OUTER_THIS name:this$0 type:com.example.taskmanagment.TestFragment.onCreate.<no name provided>.invokeSuspend.<no name provided><T of com.example.taskmanagment.TestFragment.onCreate.<no name provided>.invokeSuspend.<no name provided>> visibility:public/*package*/ [final] declared in com.example.taskmanagment.TestFragment.onCreate.<no name provided>.invokeSuspend.<no name provided>.emit.<Continuation>' type=com.example.taskmanagment.TestFragment.onCreate.<no name provided>.invokeSuspend.<no name provided><T of com.example.taskmanagment.TestFragment.onCreate.<no name provided>.invokeSuspend.<no name provided>> origin=null
                                        receiver: GET_VAR '<this>: com.example.taskmanagment.TestFragment.onCreate.<no name provided>.invokeSuspend.<no name provided>.emit.<Continuation> declared in com.example.taskmanagment.TestFragment.onCreate.<no name provided>.invokeSuspend.<no name provided>.emit.<Continuation>.invokeSuspend' type=com.example.taskmanagment.TestFragment.onCreate.<no name provided>.invokeSuspend.<no name provided>.emit.<Continuation> origin=null
                                      taskWihProjects: CONST Null type=kotlin.collections.List<com.example.taskmanagment.entities.TaskWihProjects>? value=null
                                      $completion: GET_VAR '<this>: com.example.taskmanagment.TestFragment.onCreate.<no name provided>.invokeSuspend.<no name provided>.emit.<Continuation> declared in com.example.taskmanagment.TestFragment.onCreate.<no name provided>.invokeSuspend.<no name provided>.emit.<Continuation>.invokeSuspend' type=com.example.taskmanagment.TestFragment.onCreate.<no name provided>.invokeSuspend.<no name provided>.emit.<Continuation> origin=null
                            BLOCK type=kotlin.Unit origin=FOR_LOOP
                              VAR FOR_LOOP_ITERATOR name:<iterator> type:kotlin.collections.Iterator<com.example.taskmanagment.entities.TaskWihProjects> [val]
                                CALL 'public abstract fun iterator (): kotlin.collections.Iterator<E of kotlin.collections.List> [operator] declared in kotlin.collections.List' type=kotlin.collections.Iterator<com.example.taskmanagment.entities.TaskWihProjects> origin=FOR_LOOP_ITERATOR
                                  $this: GET_VAR 'taskWihProjects: kotlin.collections.List<com.example.taskmanagment.entities.TaskWihProjects> declared in com.example.taskmanagment.TestFragment.onCreate.<no name provided>.invokeSuspend.<no name provided>.emit' type=kotlin.collections.List<com.example.taskmanagment.entities.TaskWihProjects> origin=null
                              WHILE label=TestFragment$onCreate$<no name provided>$invokeSuspend$<no name provided>$emit1 origin=FOR_LOOP_INNER_WHILE
                                condition: CALL 'public abstract fun hasNext (): kotlin.Boolean [operator] declared in kotlin.collections.Iterator' type=kotlin.Boolean origin=FOR_LOOP_HAS_NEXT
                                  $this: GET_VAR 'val <iterator>: kotlin.collections.Iterator<com.example.taskmanagment.entities.TaskWihProjects> [val] declared in com.example.taskmanagment.TestFragment.onCreate.<no name provided>.invokeSuspend.<no name provided>.emit' type=kotlin.collections.Iterator<com.example.taskmanagment.entities.TaskWihProjects> origin=null
                                body: BLOCK type=kotlin.Unit origin=FOR_LOOP_INNER_WHILE
                                  VAR FOR_LOOP_VARIABLE name:tp type:com.example.taskmanagment.entities.TaskWihProjects [val]
                                    CALL 'public abstract fun next (): T of kotlin.collections.Iterator [operator] declared in kotlin.collections.Iterator' type=com.example.taskmanagment.entities.TaskWihProjects origin=FOR_LOOP_NEXT
                                      $this: GET_VAR 'val <iterator>: kotlin.collections.Iterator<com.example.taskmanagment.entities.TaskWihProjects> [val] declared in com.example.taskmanagment.TestFragment.onCreate.<no name provided>.invokeSuspend.<no name provided>.emit' type=kotlin.collections.Iterator<com.example.taskmanagment.entities.TaskWihProjects> origin=null
                                  COMPOSITE type=kotlin.Unit origin=null
                                    BLOCK type=kotlin.Int origin=null
                                      CALL 'public open fun d (p0: @[EnhancedNullability] kotlin.String?, p1: @[EnhancedNullability] kotlin.String): kotlin.Int declared in android.util.Log' type=kotlin.Int origin=null
                                        p0: CONST String type=kotlin.String value="FRAGMENT"
                                        p1: STRING_CONCATENATION type=kotlin.String
                                          CONST String type=kotlin.String value="For Task = "
                                          CALL 'public final fun <get-task> (): com.example.taskmanagment.entities.Task declared in com.example.taskmanagment.entities.TaskWihProjects' type=com.example.taskmanagment.entities.Task origin=GET_PROPERTY
                                            $this: GET_VAR 'val tp: com.example.taskmanagment.entities.TaskWihProjects [val] declared in com.example.taskmanagment.TestFragment.onCreate.<no name provided>.invokeSuspend.<no name provided>.emit' type=com.example.taskmanagment.entities.TaskWihProjects origin=null
                                          CONST String type=kotlin.String value=" projects = "
                                          CALL 'public final fun <get-projects> (): kotlin.collections.List<com.example.taskmanagment.entities.Project> declared in com.example.taskmanagment.entities.TaskWihProjects' type=kotlin.collections.List<com.example.taskmanagment.entities.Project> origin=GET_PROPERTY
                                            $this: GET_VAR 'val tp: com.example.taskmanagment.entities.TaskWihProjects [val] declared in com.example.taskmanagment.TestFragment.onCreate.<no name provided>.invokeSuspend.<no name provided>.emit' type=com.example.taskmanagment.entities.TaskWihProjects origin=null
                                    COMPOSITE type=kotlin.Unit origin=null
                        FUN FAKE_OVERRIDE name:equals visibility:public modality:OPEN <> ($this:kotlin.Any, other:kotlin.Any?) returnType:kotlin.Boolean [fake_override,operator]
                          overridden:
                            public open fun equals (other: kotlin.Any?): kotlin.Boolean [fake_override,operator] declared in kotlinx.coroutines.flow.FlowCollector
                          $this: VALUE_PARAMETER name:<this> type:kotlin.Any
                          VALUE_PARAMETER name:other index:0 type:kotlin.Any?
                        FUN FAKE_OVERRIDE name:hashCode visibility:public modality:OPEN <> ($this:kotlin.Any) returnType:kotlin.Int [fake_override]
                          overridden:
                            public open fun hashCode (): kotlin.Int [fake_override] declared in kotlinx.coroutines.flow.FlowCollector
                          $this: VALUE_PARAMETER name:<this> type:kotlin.Any
                        FUN FAKE_OVERRIDE name:toString visibility:public modality:OPEN <> ($this:kotlin.Any) returnType:kotlin.String [fake_override]
                          overridden:
                            public open fun toString (): kotlin.String [fake_override] declared in kotlinx.coroutines.flow.FlowCollector
                          $this: VALUE_PARAMETER name:<this> type:kotlin.Any
                        FIELD FIELD_FOR_OBJECT_INSTANCE name:INSTANCE type:com.example.taskmanagment.TestFragment.onCreate.<no name provided>.invokeSuspend.<no name provided><T of com.example.taskmanagment.TestFragment.onCreate.<no name provided>.invokeSuspend.<no name provided>> visibility:public [final,static]
                        FUN CLASS_STATIC_INITIALIZER name:<clinit> visibility:public/*package*/ modality:FINAL <> () returnType:kotlin.Unit
                          BLOCK_BODY
                            SET_FIELD 'FIELD FIELD_FOR_OBJECT_INSTANCE name:INSTANCE type:com.example.taskmanagment.TestFragment.onCreate.<no name provided>.invokeSuspend.<no name provided><T of com.example.taskmanagment.TestFragment.onCreate.<no name provided>.invokeSuspend.<no name provided>> visibility:public [final,static] declared in com.example.taskmanagment.TestFragment.onCreate.<no name provided>.invokeSuspend.<no name provided>' type=kotlin.Unit origin=INITIALIZE_FIELD
                              value: CONSTRUCTOR_CALL 'public/*package*/ constructor <init> () [primary] declared in com.example.taskmanagment.TestFragment.onCreate.<no name provided>.invokeSuspend.<no name provided>' type=com.example.taskmanagment.TestFragment.onCreate.<no name provided>.invokeSuspend.<no name provided><T of com.example.taskmanagment.TestFragment.onCreate.<no name provided>.invokeSuspend.<no name provided>> origin=null
                                <class: T>: <none>
                        FUN BRIDGE name:emit visibility:public modality:OPEN <> ($this:com.example.taskmanagment.TestFragment.onCreate.<no name provided>.invokeSuspend.<no name provided><T of com.example.taskmanagment.TestFragment.onCreate.<no name provided>.invokeSuspend.<no name provided>>, value:kotlin.Any?, $completion:kotlin.coroutines.Continuation<kotlin.Unit>) returnType:kotlin.Any? [suspend]
                          $this: VALUE_PARAMETER INSTANCE_RECEIVER name:<this> type:com.example.taskmanagment.TestFragment.onCreate.<no name provided>.invokeSuspend.<no name provided><T of com.example.taskmanagment.TestFragment.onCreate.<no name provided>.invokeSuspend.<no name provided>>
                          VALUE_PARAMETER BRIDGE name:value index:0 type:kotlin.Any?
                          VALUE_PARAMETER BRIDGE name:$completion index:1 type:kotlin.coroutines.Continuation<kotlin.Unit>
                          EXPRESSION_BODY
                            RETURN type=kotlin.Nothing from='public open fun emit (value: kotlin.Any?, $completion: kotlin.coroutines.Continuation<kotlin.Unit>): kotlin.Any? [suspend] declared in com.example.taskmanagment.TestFragment.onCreate.<no name provided>.invokeSuspend.<no name provided>'
                              CALL 'public final fun emit (taskWihProjects: kotlin.collections.List<com.example.taskmanagment.entities.TaskWihProjects>, $completion: kotlin.coroutines.Continuation<kotlin.Unit>): kotlin.Any? [suspend] declared in com.example.taskmanagment.TestFragment.onCreate.<no name provided>.invokeSuspend.<no name provided>' type=kotlin.Any? origin=BRIDGE_DELEGATION
                                $this: GET_VAR '<this>: com.example.taskmanagment.TestFragment.onCreate.<no name provided>.invokeSuspend.<no name provided><T of com.example.taskmanagment.TestFragment.onCreate.<no name provided>.invokeSuspend.<no name provided>> declared in com.example.taskmanagment.TestFragment.onCreate.<no name provided>.invokeSuspend.<no name provided>.emit' type=com.example.taskmanagment.TestFragment.onCreate.<no name provided>.invokeSuspend.<no name provided><T of com.example.taskmanagment.TestFragment.onCreate.<no name provided>.invokeSuspend.<no name provided>> origin=null
                                taskWihProjects: TYPE_OP type=kotlin.collections.List<*> origin=IMPLICIT_CAST typeOperand=kotlin.collections.List<*>
                                  GET_VAR 'value: kotlin.Any? declared in com.example.taskmanagment.TestFragment.onCreate.<no name provided>.invokeSuspend.<no name provided>.emit' type=kotlin.Any? origin=null
                                $completion: TYPE_OP type=kotlin.coroutines.Continuation<*> origin=IMPLICIT_CAST typeOperand=kotlin.coroutines.Continuation<*>
                                  GET_VAR '$completion: kotlin.coroutines.Continuation<kotlin.Unit> declared in com.example.taskmanagment.TestFragment.onCreate.<no name provided>.invokeSuspend.<no name provided>.emit' type=kotlin.coroutines.Continuation<kotlin.Unit> origin=null
                      GET_FIELD 'FIELD FIELD_FOR_OBJECT_INSTANCE name:INSTANCE type:com.example.taskmanagment.TestFragment.onCreate.<no name provided>.invokeSuspend.<no name provided><T of com.example.taskmanagment.TestFragment.onCreate.<no name provided>.invokeSuspend.<no name provided>> visibility:public [final,static] declared in com.example.taskmanagment.TestFragment.onCreate.<no name provided>.invokeSuspend.<no name provided>' type=com.example.taskmanagment.TestFragment.onCreate.<no name provided>.invokeSuspend.<no name provided><T of com.example.taskmanagment.TestFragment.onCreate.<no name provided>.invokeSuspend.<no name provided>> origin=null
                    $completion: GET_VAR '<this>: com.example.taskmanagment.TestFragment.onCreate.<no name provided> declared in com.example.taskmanagment.TestFragment.onCreate.<no name provided>.invokeSuspend' type=com.example.taskmanagment.TestFragment.onCreate.<no name provided> origin=null
                  CALL 'public final fun throwKotlinNothingValueException (): kotlin.Nothing declared in kotlin.jvm.internal.Intrinsics' type=kotlin.Nothing origin=null
            FUN name:create visibility:public modality:FINAL <> ($this:com.example.taskmanagment.TestFragment.onCreate.<no name provided>, value:kotlin.Any?, $completion:kotlin.coroutines.Continuation<kotlin.Nothing>) returnType:kotlin.coroutines.Continuation<kotlin.Unit>
              overridden:
                public open fun create (value: kotlin.Any?, $completion: kotlin.coroutines.Continuation<kotlin.Nothing>): kotlin.coroutines.Continuation<kotlin.Unit> declared in kotlin.coroutines.jvm.internal.SuspendLambda
              $this: VALUE_PARAMETER INSTANCE_RECEIVER name:<this> type:com.example.taskmanagment.TestFragment.onCreate.<no name provided>
              VALUE_PARAMETER name:value index:0 type:kotlin.Any?
              VALUE_PARAMETER name:$completion index:1 type:kotlin.coroutines.Continuation<kotlin.Nothing>
              BLOCK_BODY
                RETURN type=kotlin.Nothing from='public final fun create (value: kotlin.Any?, $completion: kotlin.coroutines.Continuation<kotlin.Nothing>): kotlin.coroutines.Continuation<kotlin.Unit> declared in com.example.taskmanagment.TestFragment.onCreate.<no name provided>'
                  CONSTRUCTOR_CALL 'public/*package*/ constructor <init> ($flowViewModel: com.example.taskmanagment.viewmodels.FlowViewModel, $completion: kotlin.coroutines.Continuation<com.example.taskmanagment.TestFragment.onCreate.<no name provided>>?) [primary] declared in com.example.taskmanagment.TestFragment.onCreate.<no name provided>' type=com.example.taskmanagment.TestFragment.onCreate.<no name provided> origin=null
                    $flowViewModel: GET_FIELD 'FIELD FIELD_FOR_CAPTURED_VALUE name:$flowViewModel type:com.example.taskmanagment.viewmodels.FlowViewModel visibility:public/*package*/ [final] declared in com.example.taskmanagment.TestFragment.onCreate.<no name provided>' type=com.example.taskmanagment.viewmodels.FlowViewModel origin=null
                      receiver: GET_VAR '<this>: com.example.taskmanagment.TestFragment.onCreate.<no name provided> declared in com.example.taskmanagment.TestFragment.onCreate.<no name provided>.create' type=com.example.taskmanagment.TestFragment.onCreate.<no name provided> origin=null
                    $completion: GET_VAR '$completion: kotlin.coroutines.Continuation<kotlin.Nothing> declared in com.example.taskmanagment.TestFragment.onCreate.<no name provided>.create' type=kotlin.coroutines.Continuation<kotlin.Nothing> origin=null
            FUN name:invoke visibility:public modality:FINAL <> ($this:com.example.taskmanagment.TestFragment.onCreate.<no name provided>, p1:kotlinx.coroutines.CoroutineScope, p2:kotlin.coroutines.Continuation<kotlin.Unit>?) returnType:kotlin.Any?
              overridden:
                public abstract fun invoke (p1: P1 of kotlin.jvm.functions.Function2, p2: P2 of kotlin.jvm.functions.Function2): R of kotlin.jvm.functions.Function2 declared in kotlin.jvm.functions.Function2
              $this: VALUE_PARAMETER INSTANCE_RECEIVER name:<this> type:com.example.taskmanagment.TestFragment.onCreate.<no name provided>
              VALUE_PARAMETER name:p1 index:0 type:kotlinx.coroutines.CoroutineScope
              VALUE_PARAMETER name:p2 index:1 type:kotlin.coroutines.Continuation<kotlin.Unit>?
              BLOCK_BODY
                RETURN type=kotlin.Nothing from='public final fun invoke (p1: kotlinx.coroutines.CoroutineScope, p2: kotlin.coroutines.Continuation<kotlin.Unit>?): kotlin.Any? declared in com.example.taskmanagment.TestFragment.onCreate.<no name provided>'
                  CALL 'public final fun invokeSuspend ($result: kotlin.Result<kotlin.Any?>): kotlin.Any? declared in com.example.taskmanagment.TestFragment.onCreate.<no name provided>' type=kotlin.Any? origin=null
                    $this: TYPE_OP type=com.example.taskmanagment.TestFragment.onCreate.<no name provided> origin=IMPLICIT_CAST typeOperand=com.example.taskmanagment.TestFragment.onCreate.<no name provided>
                      CALL 'public final fun create (value: kotlin.Any?, $completion: kotlin.coroutines.Continuation<kotlin.Nothing>): kotlin.coroutines.Continuation<kotlin.Unit> declared in com.example.taskmanagment.TestFragment.onCreate.<no name provided>' type=kotlin.coroutines.Continuation<kotlin.Unit> origin=null
                        $this: GET_VAR '<this>: com.example.taskmanagment.TestFragment.onCreate.<no name provided> declared in com.example.taskmanagment.TestFragment.onCreate.<no name provided>.invoke' type=com.example.taskmanagment.TestFragment.onCreate.<no name provided> origin=null
                        value: GET_VAR 'p1: kotlinx.coroutines.CoroutineScope declared in com.example.taskmanagment.TestFragment.onCreate.<no name provided>.invoke' type=kotlinx.coroutines.CoroutineScope origin=null
                        $completion: GET_VAR 'p2: kotlin.coroutines.Continuation<kotlin.Unit>? declared in com.example.taskmanagment.TestFragment.onCreate.<no name provided>.invoke' type=kotlin.coroutines.Continuation<kotlin.Unit>? origin=null
                    $result: CALL 'public final fun <unsafe-coerce> <T, R> (v: T of kotlin.jvm.internal.<unsafe-coerce>): R of kotlin.jvm.internal.<unsafe-coerce> declared in kotlin.jvm.internal' type=kotlin.Result<kotlin.Any?> origin=null
                      <T>: kotlin.Any?
                      <R>: kotlin.Result<kotlin.Any?>
                      v: GET_FIELD 'FIELD FIELD_FOR_OBJECT_INSTANCE name:INSTANCE type:kotlin.Unit visibility:public [final,static] declared in kotlin.Unit' type=kotlin.Unit origin=null
            FIELD FIELD_FOR_CAPTURED_VALUE name:$flowViewModel type:com.example.taskmanagment.viewmodels.FlowViewModel visibility:public/*package*/ [final]
            FUN BRIDGE name:invoke visibility:public modality:OPEN <> ($this:com.example.taskmanagment.TestFragment.onCreate.<no name provided>, p1:kotlin.Any?, p2:kotlin.Any?) returnType:kotlin.Any?
              $this: VALUE_PARAMETER INSTANCE_RECEIVER name:<this> type:com.example.taskmanagment.TestFragment.onCreate.<no name provided>
              VALUE_PARAMETER BRIDGE name:p1 index:0 type:kotlin.Any?
              VALUE_PARAMETER BRIDGE name:p2 index:1 type:kotlin.Any?
              EXPRESSION_BODY
                RETURN type=kotlin.Nothing from='public open fun invoke (p1: kotlin.Any?, p2: kotlin.Any?): kotlin.Any? declared in com.example.taskmanagment.TestFragment.onCreate.<no name provided>'
                  CALL 'public final fun invoke (p1: kotlinx.coroutines.CoroutineScope, p2: kotlin.coroutines.Continuation<kotlin.Unit>?): kotlin.Any? declared in com.example.taskmanagment.TestFragment.onCreate.<no name provided>' type=kotlin.Any? origin=BRIDGE_DELEGATION
                    $this: GET_VAR '<this>: com.example.taskmanagment.TestFragment.onCreate.<no name provided> declared in com.example.taskmanagment.TestFragment.onCreate.<no name provided>.invoke' type=com.example.taskmanagment.TestFragment.onCreate.<no name provided> origin=null
                    p1: TYPE_OP type=kotlinx.coroutines.CoroutineScope origin=IMPLICIT_CAST typeOperand=kotlinx.coroutines.CoroutineScope
                      GET_VAR 'p1: kotlin.Any? declared in com.example.taskmanagment.TestFragment.onCreate.<no name provided>.invoke' type=kotlin.Any? origin=null
                    p2: TYPE_OP type=kotlin.coroutines.Continuation<*> origin=IMPLICIT_CAST typeOperand=kotlin.coroutines.Continuation<*>
                      GET_VAR 'p2: kotlin.Any? declared in com.example.taskmanagment.TestFragment.onCreate.<no name provided>.invoke' type=kotlin.Any? origin=null
          CONSTRUCTOR_CALL 'public/*package*/ constructor <init> ($flowViewModel: com.example.taskmanagment.viewmodels.FlowViewModel, $completion: kotlin.coroutines.Continuation<com.example.taskmanagment.TestFragment.onCreate.<no name provided>>?) [primary] declared in com.example.taskmanagment.TestFragment.onCreate.<no name provided>' type=com.example.taskmanagment.TestFragment.onCreate.<no name provided> origin=null
            $flowViewModel: GET_VAR 'val flowViewModel: com.example.taskmanagment.viewmodels.FlowViewModel [val] declared in com.example.taskmanagment.TestFragment.onCreate' type=com.example.taskmanagment.viewmodels.FlowViewModel origin=null
            $completion: CONST Null type=kotlin.Nothing? value=null
        $mask0: CONST Int type=kotlin.Int value=3
        $handler: CONST Null type=kotlin.Any? value=null
      COMPOSITE type=kotlin.Unit origin=null

	at org.jetbrains.kotlin.backend.jvm.codegen.FunctionCodegen.generate(FunctionCodegen.kt:47)
	at org.jetbrains.kotlin.backend.jvm.codegen.FunctionCodegen.generate$default(FunctionCodegen.kt:40)
	at org.jetbrains.kotlin.backend.jvm.codegen.ClassCodegen.generateMethodNode(ClassCodegen.kt:406)
	at org.jetbrains.kotlin.backend.jvm.codegen.ClassCodegen.generateMethod(ClassCodegen.kt:423)
	at org.jetbrains.kotlin.backend.jvm.codegen.ClassCodegen.generate(ClassCodegen.kt:168)
	at org.jetbrains.kotlin.backend.jvm.FileCodegen.lower(JvmPhases.kt:39)
	at org.jetbrains.kotlin.backend.common.phaser.PhaseFactoriesKt.createFilePhase$lambda$4(PhaseFactories.kt:71)
	at org.jetbrains.kotlin.backend.common.phaser.PhaseBuildersKt$createSimpleNamedCompilerPhase$1.phaseBody(PhaseBuilders.kt:69)
	at org.jetbrains.kotlin.backend.common.phaser.SimpleNamedCompilerPhase.phaseBody(CompilerPhase.kt:226)
	at org.jetbrains.kotlin.backend.common.phaser.AbstractNamedCompilerPhase.invoke(CompilerPhase.kt:113)
	at org.jetbrains.kotlin.backend.common.phaser.PerformByIrFilePhase.invokeSequential(performByIrFile.kt:62)
	... 44 more
Caused by: org.jetbrains.kotlin.codegen.CompilationException: Back-end (JVM) Internal error: Couldn't inline method call: CALL 'public final fun viewModel$default <VM> (viewModelStoreOwner: androidx.lifecycle.ViewModelStoreOwner?, key: kotlin.String?, factory: androidx.lifecycle.ViewModelProvider.Factory?, extras: androidx.lifecycle.viewmodel.CreationExtras?, $mask0: kotlin.Int, $handler: kotlin.Any?): VM of androidx.lifecycle.viewmodel.compose.ViewModelKt.viewModel$default [inline] declared in androidx.lifecycle.viewmodel.compose.ViewModelKt' type=VM of androidx.lifecycle.viewmodel.compose.ViewModelKt.viewModel$default origin=DEFAULT_DISPATCH_CALL
Method: null
File is unknown
The root cause java.lang.IllegalStateException was thrown at: org.jetbrains.kotlin.codegen.inline.SourceCompilerForInlineKt.getMethodNode(SourceCompilerForInline.kt:118)
	at org.jetbrains.kotlin.codegen.inline.InlineCodegen.performInline(InlineCodegen.kt:65)
	at org.jetbrains.kotlin.backend.jvm.codegen.IrInlineCodegen.genInlineCall(IrInlineCodegen.kt:163)
	at org.jetbrains.kotlin.backend.jvm.codegen.IrInlineCallGenerator.genCall(IrInlineCallGenerator.kt:36)
	at org.jetbrains.kotlin.backend.jvm.codegen.ExpressionCodegen.visitCall(ExpressionCodegen.kt:653)
	at org.jetbrains.kotlin.backend.jvm.codegen.ExpressionCodegen.visitCall(ExpressionCodegen.kt:138)
	at org.jetbrains.kotlin.ir.expressions.IrCall.accept(IrCall.kt:24)
	at org.jetbrains.kotlin.backend.jvm.codegen.ExpressionCodegen.visitTypeOperator(ExpressionCodegen.kt:1127)
	at org.jetbrains.kotlin.backend.jvm.codegen.ExpressionCodegen.visitTypeOperator(ExpressionCodegen.kt:138)
	at org.jetbrains.kotlin.ir.expressions.IrTypeOperatorCall.accept(IrTypeOperatorCall.kt:26)
	at org.jetbrains.kotlin.backend.jvm.codegen.ExpressionCodegen.visitVariable(ExpressionCodegen.kt:790)
	at org.jetbrains.kotlin.backend.jvm.codegen.ExpressionCodegen.visitVariable(ExpressionCodegen.kt:138)
	at org.jetbrains.kotlin.ir.declarations.IrVariable.accept(IrVariable.kt:36)
	at org.jetbrains.kotlin.backend.jvm.codegen.ExpressionCodegen.visitStatementContainer(ExpressionCodegen.kt:579)
	at org.jetbrains.kotlin.backend.jvm.codegen.ExpressionCodegen.visitBlockBody(ExpressionCodegen.kt:584)
	at org.jetbrains.kotlin.backend.jvm.codegen.ExpressionCodegen.visitBlockBody(ExpressionCodegen.kt:138)
	at org.jetbrains.kotlin.ir.expressions.IrBlockBody.accept(IrBlockBody.kt:20)
	at org.jetbrains.kotlin.backend.jvm.codegen.ExpressionCodegen.generate(ExpressionCodegen.kt:240)
	at org.jetbrains.kotlin.backend.jvm.codegen.FunctionCodegen.doGenerate(FunctionCodegen.kt:123)
	at org.jetbrains.kotlin.backend.jvm.codegen.FunctionCodegen.generate(FunctionCodegen.kt:44)
	... 54 more
Caused by: java.lang.IllegalStateException: couldn't find inline method Landroidx/lifecycle/viewmodel/compose/ViewModelKt__ViewModelKt;.viewModel$default(Landroidx/lifecycle/ViewModelStoreOwner;Ljava/lang/String;Landroidx/lifecycle/ViewModelProvider$Factory;Landroidx/lifecycle/viewmodel/CreationExtras;ILjava/lang/Object;)Landroidx/lifecycle/ViewModel;
	at org.jetbrains.kotlin.codegen.inline.SourceCompilerForInlineKt.getMethodNode(SourceCompilerForInline.kt:118)
	at org.jetbrains.kotlin.codegen.inline.SourceCompilerForInlineKt.loadCompiledInlineFunction(SourceCompilerForInline.kt:96)
	at org.jetbrains.kotlin.backend.jvm.codegen.IrSourceCompilerForInline.compileInlineFunction(IrSourceCompilerForInline.kt:91)
	at org.jetbrains.kotlin.codegen.inline.InlineCodegen.compileInline(InlineCodegen.kt:43)
	at org.jetbrains.kotlin.codegen.inline.InlineCodegen.performInline(InlineCodegen.kt:51)
	... 72 more


